<?xml version="1.0" encoding="UTF-8"?>
<!-- Generated by org.testng.reporters.JUnitXMLReporter -->
<testsuite ignored="17" hostname="DESKTOP-OJ83L4L" failures="0" tests="1" name="Default test" time="13.709" errors="0" timestamp="2020-05-28T09:47:25 ICT">
  <testcase classname="com.project.test.Final_Project" name="TC11_3" time="7.428"/>
  <testcase classname="com.project.test.Final_Project" name="searchkeyworkSuggestion" time="0.0">
    <ignored/>
  </testcase> <!-- searchkeyworkSuggestion -->
  <testcase classname="com.project.test.Final_Project" name="searchResult" time="0.0">
    <ignored/>
  </testcase> <!-- searchResult -->
  <testcase classname="com.project.test.Final_Project" name="checkSearchPlaceHolder" time="0.0">
    <ignored/>
  </testcase> <!-- checkSearchPlaceHolder -->
  <testcase classname="com.project.test.Final_Project" name="purchaseReductionProduct" time="0.0">
    <ignored/>
  </testcase> <!-- purchaseReductionProduct -->
  <testcase classname="com.project.test.Final_Project" name="interrupCheckOut" time="0.0">
    <ignored/>
  </testcase> <!-- interrupCheckOut -->
  <testcase classname="com.project.test.Final_Project" name="checkTotalPrice" time="0.0">
    <ignored/>
  </testcase> <!-- checkTotalPrice -->
  <testcase classname="com.project.test.Final_Project" name="checkEmailP2" time="0.0">
    <ignored/>
  </testcase> <!-- checkEmailP2 -->
  <testcase classname="com.project.test.Final_Project" name="creatEmail" time="0.0">
    <ignored/>
  </testcase> <!-- creatEmail -->
  <testcase classname="com.project.test.Final_Project" name="checkNoSearchResult" time="0.0">
    <ignored/>
  </testcase> <!-- checkNoSearchResult -->
  <testcase classname="com.project.test.Final_Project" name="compareSuggAndActual" time="0.0">
    <ignored/>
  </testcase> <!-- compareSuggAndActual -->
  <testcase classname="com.project.test.Final_Project" name="checkPriceInfo" time="0.0">
    <ignored/>
  </testcase> <!-- checkPriceInfo -->
  <testcase classname="com.project.test.Final_Project" name="TC11_2" time="0.0">
    <ignored/>
  </testcase> <!-- TC11_2 -->
  <testcase classname="com.project.test.Final_Project" name="testCase11_1" time="0.0">
    <ignored/>
  </testcase> <!-- testCase11_1 -->
  <testcase classname="com.project.test.Final_Project" name="checkEmail" time="0.0">
    <ignored/>
  </testcase> <!-- checkEmail -->
  <testcase classname="com.project.test.Final_Project" name="TC11_4" time="0.0">
    <ignored/>
  </testcase> <!-- TC11_4 -->
  <testcase classname="com.project.test.Final_Project" name="sharetoTwitter" time="0.0">
    <ignored/>
  </testcase> <!-- sharetoTwitter -->
  <testcase classname="com.project.test.Final_Project" name="createInvalidEmail" time="0.0">
    <ignored/>
  </testcase> <!-- createInvalidEmail -->
</testsuite> <!-- Default test -->
