<?xml version="1.0" encoding="UTF-8"?>
<!-- Generated by org.testng.reporters.JUnitXMLReporter -->
<testsuite ignored="0" hostname="AL01070547" failures="0" tests="5" name="Regression" time="0.095" errors="0" timestamp="2020-04-23T15:48:14 ICT">
  <testcase classname="com.study.testng.NewTest" name="tc01" time="0.008"/>
  <testcase classname="com.study.testng.NewTest" name="tc02" time="0.003"/>
  <testcase classname="com.study.testng.NewTest" name="tc03" time="0.002"/>
  <testcase classname="com.study.testng.NewTest" name="tc04" time="0.002"/>
  <testcase classname="com.study.testng.NewTest" name="tc05" time="0.002"/>
</testsuite> <!-- Regression -->
