<?xml version="1.0" encoding="UTF-8"?>
<testsuite xmlns:xsi="http://www.w3.org/2001/XMLSchema-instance" xsi:noNamespaceSchemaLocation="https://maven.apache.org/surefire/maven-surefire-plugin/xsd/surefire-test-report-3.0.xsd" version="3.0" name="TestSuite" time="0.895" tests="15" errors="0" skipped="6" failures="4">
  <properties>
[...]
</properties>
  <testcase name="beforeMethod" classname="com.selenium.test.LoginTest" time="0.474">
    <failure message="The driver executable does not exist: E:\Learning\Selenium\Webdriver\chromedriver.exe" type="java.lang.IllegalStateException"><![CDATA[java.lang.IllegalStateException: The driver executable does not exist: E:\Learning\Selenium\Webdriver\chromedriver.exe
	at com.selenium.test.LoginTest.beforeMethod(LoginTest.java:30)
]]></failure>
  </testcase>
  <testcase name="testLogin" classname="com.selenium.test.LoginTest" time="0">
    <skipped message="The driver executable does not exist: E:\Learning\Selenium\Webdriver\chromedriver.exe"/>
  </testcase>
  <testcase name="afterMethod" classname="com.selenium.test.LoginTest" time="0">
    <skipped/>
  </testcase>
  <testcase name="beforeMethod" classname="com.selenium.test.SecondTest" time="0.074">
    <failure message="The driver executable does not exist: E:\Learning\Selenium\Webdriver\chromedriver.exe" type="java.lang.IllegalStateException"><![CDATA[java.lang.IllegalStateException: The driver executable does not exist: E:\Learning\Selenium\Webdriver\chromedriver.exe
	at com.selenium.test.SecondTest.beforeMethod(SecondTest.java:135)
]]></failure>
    <system-err><![CDATA[May 14, 2020 3:37:18 PM org.openqa.selenium.remote.DesiredCapabilities chrome
INFO: Using `new ChromeOptions()` is preferred to `DesiredCapabilities.chrome()`
]]></system-err>
  </testcase>
  <testcase name="iPage" classname="com.selenium.test.SecondTest" time="0">
    <skipped message="The driver executable does not exist: E:\Learning\Selenium\Webdriver\chromedriver.exe"/>
  </testcase>
  <testcase name="afterMethod" classname="com.selenium.test.SecondTest" time="0">
    <skipped/>
  </testcase>
  <testcase name="tc01" classname="com.study.testng.NewTest" time="0.008"/>
  <testcase name="tc02" classname="com.study.testng.NewTest" time="0.002"/>
  <testcase name="tc03" classname="com.study.testng.NewTest" time="0.002"/>
  <testcase name="tc04" classname="com.study.testng.NewTest" time="0.002"/>
  <testcase name="tc05" classname="com.study.testng.NewTest" time="0.001"/>
  <testcase name="beforeMethod" classname="com.study.testng.ParallelTest" time="0.035">
    <failure message="&#10;Parameter &apos;browser&apos; is required by @Test on method beforeMethod but has not been marked @Optional or defined&#10;" type="org.testng.TestNGException"><![CDATA[org.testng.TestNGException: 

Parameter 'browser' is required by @Test on method beforeMethod but has not been marked @Optional or defined

]]></failure>
    <system-err><![CDATA[[Utils] [ERROR] [Error] org.testng.TestNGException: 
Parameter &apos;browser&apos; is required by @Test on method beforeMethod but has not been marked @Optional or defined

	at org.testng.internal.Parameters.createParams(Parameters.java:272)
	at org.testng.internal.Parameters.createParametersForMethod(Parameters.java:360)
	at org.testng.internal.Parameters.createParameters(Parameters.java:704)
	at org.testng.internal.Parameters.handleParameters(Parameters.java:879)
	at org.testng.internal.Parameters.handleParameters(Parameters.java:744)
	at org.testng.internal.ParameterHandler.handleParameters(ParameterHandler.java:59)
	at org.testng.internal.ParameterHandler.createParameters(ParameterHandler.java:38)
	at org.testng.internal.TestInvoker$MethodInvocationAgent.invoke(TestInvoker.java:783)
	at org.testng.internal.TestInvoker.invokeTestMethods(TestInvoker.java:146)
	at org.testng.internal.TestMethodWorker.invokeTestMethods(TestMethodWorker.java:146)
	at org.testng.internal.TestMethodWorker.run(TestMethodWorker.java:128)
	at java.base/java.util.ArrayList.forEach(ArrayList.java:1510)
	at org.testng.TestRunner.privateRun(TestRunner.java:766)
	at org.testng.TestRunner.run(TestRunner.java:587)
	at org.testng.SuiteRunner.runTest(SuiteRunner.java:384)
	at org.testng.SuiteRunner.runSequentially(SuiteRunner.java:378)
	at org.testng.SuiteRunner.privateRun(SuiteRunner.java:337)
	at org.testng.SuiteRunner.run(SuiteRunner.java:286)
	at org.testng.SuiteRunnerWorker.runSuite(SuiteRunnerWorker.java:53)
	at org.testng.SuiteRunnerWorker.run(SuiteRunnerWorker.java:96)
	at org.testng.TestNG.runSuitesSequentially(TestNG.java:1187)
	at org.testng.TestNG.runSuitesLocally(TestNG.java:1109)
	at org.testng.TestNG.runSuites(TestNG.java:1039)
	at org.testng.TestNG.run(TestNG.java:1007)
	at org.apache.maven.surefire.testng.TestNGExecutor.run(TestNGExecutor.java:135)
	at org.apache.maven.surefire.testng.TestNGDirectoryTestSuite.executeMulti(TestNGDirectoryTestSuite.java:193)
	at org.apache.maven.surefire.testng.TestNGDirectoryTestSuite.execute(TestNGDirectoryTestSuite.java:94)
	at org.apache.maven.surefire.testng.TestNGProvider.invoke(TestNGProvider.java:146)
	at org.apache.maven.surefire.booter.ForkedBooter.runSuitesInProcess(ForkedBooter.java:377)
	at org.apache.maven.surefire.booter.ForkedBooter.execute(ForkedBooter.java:138)
	at org.apache.maven.surefire.booter.ForkedBooter.run(ForkedBooter.java:465)
	at org.apache.maven.surefire.booter.ForkedBooter.main(ForkedBooter.java:451)

]]></system-err>
  </testcase>
  <testcase name="beforeMethod" classname="com.study.testng.ParallelTest" time="0.035">
    <failure message="&#10;Parameter &apos;browser&apos; is required by BeforeMethod on method beforeMethod but has not been marked @Optional or defined&#10;" type="org.testng.TestNGException"><![CDATA[org.testng.TestNGException: 

Parameter 'browser' is required by BeforeMethod on method beforeMethod but has not been marked @Optional or defined

]]></failure>
  </testcase>
  <testcase name="testLogin" classname="com.study.testng.ParallelTest" time="0">
    <skipped message="&#10;Parameter &apos;browser&apos; is required by BeforeMethod on method beforeMethod but has not been marked @Optional or defined&#10;"/>
  </testcase>
  <testcase name="afterMethod" classname="com.study.testng.ParallelTest" time="0">
    <skipped/>
  </testcase>
</testsuite>