<?xml version="1.0" encoding="UTF-8"?>
<testng-results ignored="17" total="18" passed="1" failed="0" skipped="0">
  <reporter-output>
  </reporter-output>
  <suite started-at="2020-05-28T09:47:11 ICT" name="Default suite" finished-at="2020-05-28T09:47:25 ICT" duration-ms="13709">
    <groups>
      <group name="Item Detail">
        <method signature="Final_Project.TC11_3()[pri:0, instance:com.project.test.Final_Project@1b1473ab]" name="TC11_3" class="com.project.test.Final_Project"/>
      </group> <!-- Item Detail -->
    </groups>
    <test started-at="2020-05-28T09:47:11 ICT" name="Default test" finished-at="2020-05-28T09:47:25 ICT" duration-ms="13709">
      <class name="com.project.test.Final_Project">
        <test-method is-config="true" signature="beforeMethod()[pri:0, instance:com.project.test.Final_Project@1b1473ab]" started-at="2020-05-28T09:47:11 ICT" name="beforeMethod" finished-at="2020-05-28T09:47:17 ICT" duration-ms="6223" status="PASS">
          <reporter-output>
          </reporter-output>
        </test-method> <!-- beforeMethod -->
        <test-method signature="TC11_3()[pri:0, instance:com.project.test.Final_Project@1b1473ab]" started-at="2020-05-28T09:47:17 ICT" name="TC11_3" finished-at="2020-05-28T09:47:25 ICT" duration-ms="7428" status="PASS">
          <reporter-output>
          </reporter-output>
        </test-method> <!-- TC11_3 -->
        <test-method is-config="true" signature="afterMethod()[pri:0, instance:com.project.test.Final_Project@1b1473ab]" started-at="2020-05-28T09:47:25 ICT" name="afterMethod" finished-at="2020-05-28T09:47:25 ICT" duration-ms="0" status="PASS">
          <reporter-output>
          </reporter-output>
        </test-method> <!-- afterMethod -->
      </class> <!-- com.project.test.Final_Project -->
    </test> <!-- Default test -->
  </suite> <!-- Default suite -->
</testng-results>
