<?xml version="1.0" encoding="UTF-8"?>
<!-- Generated by org.testng.reporters.JUnitXMLReporter -->
<testsuite ignored="18" hostname="DESKTOP-OJ83L4L" failures="3" tests="3" name="CreateAccount" time="0.637" errors="0" timestamp="2020-05-28T13:50:31 ICT">
  <testcase classname="com.project.test.Final_Project" name="creatEmail" time="0.01">
    <failure type="java.lang.NullPointerException">
      <![CDATA[java.lang.NullPointerException
at com.project.test.Final_Project.creatEmail(Final_Project.java:93)
at java.base/java.util.ArrayList.forEach(ArrayList.java:1510)
... Removed 28 stack frames]]>
    </failure>
  </testcase> <!-- creatEmail -->
  <testcase classname="com.project.test.Final_Project" name="creatEmail" time="0.001">
    <failure type="java.lang.NullPointerException">
      <![CDATA[java.lang.NullPointerException
at com.project.test.Final_Project.creatEmail(Final_Project.java:93)
at java.base/java.util.ArrayList.forEach(ArrayList.java:1510)
... Removed 28 stack frames]]>
    </failure>
  </testcase> <!-- creatEmail -->
  <testcase classname="com.project.test.Final_Project" name="createInvalidEmail" time="0.005">
    <failure type="java.lang.NullPointerException">
      <![CDATA[java.lang.NullPointerException
at com.project.test.Final_Project.createInvalidEmail(Final_Project.java:82)
at java.base/java.util.ArrayList.forEach(ArrayList.java:1510)
... Removed 28 stack frames]]>
    </failure>
  </testcase> <!-- createInvalidEmail -->
  <testcase classname="com.project.test.Final_Project" name="searchkeyworkSuggestion" time="0.0">
    <ignored/>
  </testcase> <!-- searchkeyworkSuggestion -->
  <testcase classname="com.project.test.Final_Project" name="searchResult" time="0.0">
    <ignored/>
  </testcase> <!-- searchResult -->
  <testcase classname="com.project.test.Final_Project" name="checkSearchPlaceHolder" time="0.0">
    <ignored/>
  </testcase> <!-- checkSearchPlaceHolder -->
  <testcase classname="com.project.test.Final_Project" name="purchaseReductionProduct" time="0.0">
    <ignored/>
  </testcase> <!-- purchaseReductionProduct -->
  <testcase classname="com.project.test.Final_Project" name="interrupCheckOut" time="0.0">
    <ignored/>
  </testcase> <!-- interrupCheckOut -->
  <testcase classname="com.project.test.Final_Project" name="checkTotalPrice" time="0.0">
    <ignored/>
  </testcase> <!-- checkTotalPrice -->
  <testcase classname="com.project.test.Final_Project" name="checkEmailP2" time="0.0">
    <ignored/>
  </testcase> <!-- checkEmailP2 -->
  <testcase classname="com.project.test.Final_Project" name="checkNoSearchResult" time="0.0">
    <ignored/>
  </testcase> <!-- checkNoSearchResult -->
  <testcase classname="com.project.test.Final_Project" name="compareSuggAndActual" time="0.0">
    <ignored/>
  </testcase> <!-- compareSuggAndActual -->
  <testcase classname="com.project.test.Final_Project" name="checkPriceInfo" time="0.0">
    <ignored/>
  </testcase> <!-- checkPriceInfo -->
  <testcase classname="com.project.test.Final_Project" name="TC11_3" time="0.0">
    <ignored/>
  </testcase> <!-- TC11_3 -->
  <testcase classname="com.project.test.Final_Project" name="sendToFriend" time="0.0">
    <ignored/>
  </testcase> <!-- sendToFriend -->
  <testcase classname="com.project.test.Final_Project" name="testCase11_1" time="0.0">
    <ignored/>
  </testcase> <!-- testCase11_1 -->
  <testcase classname="com.project.test.Final_Project" name="TC11_2" time="0.0">
    <ignored/>
  </testcase> <!-- TC11_2 -->
  <testcase classname="com.project.test.Final_Project" name="checkEmail" time="0.0">
    <ignored/>
  </testcase> <!-- checkEmail -->
  <testcase classname="com.project.test.Final_Project" name="TC11_4" time="0.0">
    <ignored/>
  </testcase> <!-- TC11_4 -->
  <testcase classname="com.project.test.Final_Project" name="sharetoTwitter" time="0.0">
    <ignored/>
  </testcase> <!-- sharetoTwitter -->
  <testcase classname="com.project.test.Final_Project" name="writeAComment" time="0.0">
    <ignored/>
  </testcase> <!-- writeAComment -->
</testsuite> <!-- CreateAccount -->
